<?xml version="1.0" encoding="UTF-8"?>
<!-- Generated by org.testng.reporters.JUnitReportReporter -->
<testsuite skipped="0" hostname="DTBLR01LP21" name="com.parabank.testcases.LoginTest" tests="1" failures="0" timestamp="25 Jul 2023 07:15:34 GMT" time="7.041" errors="0">
  <testcase name="loginTest" time="7.041" classname="com.parabank.testcases.LoginTest"/>
</testsuite> <!-- com.parabank.testcases.LoginTest -->
